<?xml version="1.0" encoding="UTF-8"?>
<!-- Generated by org.testng.reporters.JUnitXMLReporter -->
<testsuite ignored="0" hostname="A868LHYD" failures="0" tests="4" name="Default test" time="3.554" errors="0" timestamp="2023-03-13T22:42:04 IST">
  <testcase classname="RestAssured_LibraryApi.Dynamic_json" name="getmethod" time="1.866"/>
  <testcase classname="RestAssured_LibraryApi.Dynamic_json" name="postmethod" time="0.987"/>
  <testcase classname="RestAssured_LibraryApi.Dynamic_json" name="postmethod" time="0.274"/>
  <testcase classname="RestAssured_LibraryApi.Dynamic_json" name="postmethod" time="0.377"/>
</testsuite> <!-- Default test -->
